<?xml version="1.0" encoding="UTF-8"?>
<!-- Generated by org.testng.reporters.JUnitReportReporter -->
<testsuite hostname="DESKTOP-TA5LG20" failures="0" tests="1" name="TestNG.TestNG_Demo" time="0.006" errors="0" timestamp="2022-10-29T12:23:11 IST" skipped="0">
  <testcase classname="TestNG.TestNG_Demo" name="December" time="0.006"/>
  <system-out/>
</testsuite> <!-- TestNG.TestNG_Demo -->
