<?xml version="1.0" encoding="UTF-8"?>
<!-- Generated by org.testng.reporters.JUnitReportReporter -->
<testsuite hostname="DESKTOP-TA5LG20" failures="0" tests="2" name="Assertion.Soft_Assertion" time="0.015" errors="0" timestamp="2022-10-09T00:28:34 IST" skipped="0">
  <testcase classname="Assertion.Soft_Assertion" name="Demo1" time="0.003"/>
  <system-out/>
  <testcase classname="Assertion.Soft_Assertion" name="Demo" time="0.012"/>
  <system-out/>
</testsuite> <!-- Assertion.Soft_Assertion -->
