<?xml version="1.0" encoding="UTF-8"?>
<!-- Generated by org.testng.reporters.JUnitReportReporter -->
<testsuite hostname="DESKTOP-TA5LG20" failures="0" tests="1" name="TestNG.Facebook_TestNG" time="7.125" errors="0" timestamp="2022-10-08T15:24:03 IST" skipped="0">
  <testcase classname="TestNG.Facebook_TestNG" name="m1" time="7.125"/>
  <system-out/>
</testsuite> <!-- TestNG.Facebook_TestNG -->
