<?xml version="1.0" encoding="UTF-8"?>
<!-- Generated by org.testng.reporters.JUnitReportReporter -->
<testsuite hostname="DESKTOP-TA5LG20" failures="0" tests="1" name="TestNG.Demo_Assertion" time="0.001" errors="0" timestamp="2022-10-08T15:24:02 IST" skipped="0">
  <testcase classname="TestNG.Demo_Assertion" name="Demo_Test" time="0.001"/>
  <system-out/>
</testsuite> <!-- TestNG.Demo_Assertion -->
