<?xml version="1.0" encoding="UTF-8"?>
<!-- Generated by org.testng.reporters.JUnitReportReporter -->
<testsuite hostname="DESKTOP-TA5LG20" failures="0" tests="3" name="Keywords.Priority_Keyword" time="9.931" errors="0" timestamp="2022-10-29T16:48:45 IST" skipped="0">
  <testcase classname="Keywords.Priority_Keyword" name="Forgotten" time="2.820"/>
  <system-out/>
  <testcase classname="Keywords.Priority_Keyword" name="Logo" time="2.954"/>
  <system-out/>
  <testcase classname="Keywords.Priority_Keyword" name="Title" time="4.157"/>
  <system-out/>
</testsuite> <!-- Keywords.Priority_Keyword -->
