<?xml version="1.0" encoding="UTF-8"?>
<!-- Generated by org.testng.reporters.JUnitReportReporter -->
<testsuite hostname="DESKTOP-TA5LG20" failures="0" tests="2" name="TestNG.Expected_Exception_Method" time="21.964" errors="0" timestamp="2022-10-08T15:24:03 IST" skipped="0">
  <testcase classname="TestNG.Expected_Exception_Method" name="Logo" time="10.904"/>
  <system-out/>
  <testcase classname="TestNG.Expected_Exception_Method" name="Forgotten" time="11.060"/>
  <system-out/>
</testsuite> <!-- TestNG.Expected_Exception_Method -->
