<?xml version="1.0" encoding="UTF-8"?>
<!-- Generated by org.testng.reporters.JUnitReportReporter -->
<testsuite hostname="DESKTOP-TA5LG20" failures="0" tests="3" name="TestNG.Priority_Keyword" time="11.354" errors="0" timestamp="2022-10-08T15:33:53 IST" skipped="0">
  <testcase classname="TestNG.Priority_Keyword" name="Logo" time="3.144"/>
  <system-out/>
  <testcase classname="TestNG.Priority_Keyword" name="Title" time="4.970"/>
  <system-out/>
  <testcase classname="TestNG.Priority_Keyword" name="Forgotten" time="3.240"/>
  <system-out/>
</testsuite> <!-- TestNG.Priority_Keyword -->
