<?xml version="1.0" encoding="UTF-8"?>
<!-- Generated by org.testng.reporters.JUnitReportReporter -->
<testsuite hostname="DESKTOP-TA5LG20" failures="0" tests="3" name="TestNG.Groups_Keyword" time="7.389" errors="0" timestamp="2022-10-08T15:24:03 IST" skipped="1">
  <testcase classname="TestNG.Groups_Keyword" name="Forgotten" time="3.749"/>
  <system-out/>
  <testcase classname="TestNG.Groups_Keyword" name="Title" time="3.640"/>
  <system-out/>
  <testcase classname="TestNG.Groups_Keyword" name="Logo">
    <skipped/>
  </testcase> <!-- Logo -->
  <system-out/>
</testsuite> <!-- TestNG.Groups_Keyword -->
