<?xml version="1.0" encoding="UTF-8"?>
<!-- Generated by org.testng.reporters.JUnitReportReporter -->
<testsuite hostname="DESKTOP-TA5LG20" failures="0" tests="3" name="TestNG.test" time="8.574" errors="0" timestamp="2022-10-04T10:57:25 IST" skipped="0">
  <testcase classname="TestNG.test" name="m3" time="1.959"/>
  <system-out/>
  <testcase classname="TestNG.test" name="m1" time="4.614"/>
  <system-out/>
  <testcase classname="TestNG.test" name="m2" time="2.001"/>
  <system-out/>
</testsuite> <!-- TestNG.test -->
