<?xml version="1.0" encoding="UTF-8"?>
<!-- Generated by org.testng.reporters.JUnitReportReporter -->
<testsuite hostname="DESKTOP-TA5LG20" failures="0" tests="3" name="TestNG.DependsOnMethod" time="16.841" errors="0" timestamp="2022-10-08T15:24:03 IST" skipped="0">
  <testcase classname="TestNG.DependsOnMethod" name="Forgotten" time="3.845"/>
  <system-out/>
  <testcase classname="TestNG.DependsOnMethod" name="Title" time="8.357"/>
  <system-out/>
  <testcase classname="TestNG.DependsOnMethod" name="Logo" time="4.639"/>
  <system-out/>
</testsuite> <!-- TestNG.DependsOnMethod -->
