<?xml version="1.0" encoding="UTF-8"?>
<!-- Generated by org.testng.reporters.JUnitReportReporter -->
<testsuite hostname="DESKTOP-TA5LG20" failures="0" tests="3" name="TestNG.Enables_Keyword" time="20.512" errors="0" timestamp="2022-10-08T15:24:03 IST" skipped="1">
  <testcase classname="TestNG.Enables_Keyword" name="Title" time="8.166"/>
  <system-out/>
  <testcase classname="TestNG.Enables_Keyword" name="Forgotten" time="12.346"/>
  <system-out/>
  <testcase classname="TestNG.Enables_Keyword" name="Logo">
    <skipped/>
  </testcase> <!-- Logo -->
  <system-out/>
</testsuite> <!-- TestNG.Enables_Keyword -->
