<?xml version="1.0" encoding="UTF-8"?>
<!-- Generated by org.testng.reporters.JUnitReportReporter -->
<testsuite hostname="DESKTOP-TA5LG20" failures="0" tests="12" name="Parallel_Testing.Para_Test1" time="128.462" errors="0" timestamp="2022-10-29T17:14:51 IST" skipped="0">
  <testcase classname="Parallel_Testing.Para_Test1" name="Module2" time="9.661"/>
  <system-out/>
  <testcase classname="Parallel_Testing.Para_Test1" name="Module1" time="11.258"/>
  <system-out/>
  <testcase classname="Parallel_Testing.Para_Test1" name="Module2" time="10.247"/>
  <system-out/>
  <testcase classname="Parallel_Testing.Para_Test1" name="Module3" time="10.912"/>
  <system-out/>
  <testcase classname="Parallel_Testing.Para_Test1" name="Module1" time="11.289"/>
  <system-out/>
  <testcase classname="Parallel_Testing.Para_Test1" name="Module2" time="10.010"/>
  <system-out/>
  <testcase classname="Parallel_Testing.Para_Test1" name="Module3" time="10.657"/>
  <system-out/>
  <testcase classname="Parallel_Testing.Para_Test1" name="Module1" time="11.226"/>
  <system-out/>
  <testcase classname="Parallel_Testing.Para_Test1" name="Module2" time="9.979"/>
  <system-out/>
  <testcase classname="Parallel_Testing.Para_Test1" name="Module1" time="11.592"/>
  <system-out/>
  <testcase classname="Parallel_Testing.Para_Test1" name="Module3" time="10.642"/>
  <system-out/>
  <testcase classname="Parallel_Testing.Para_Test1" name="Module3" time="10.989"/>
  <system-out/>
</testsuite> <!-- Parallel_Testing.Para_Test1 -->
