<?xml version="1.0" encoding="UTF-8"?>
<!-- Generated by org.testng.reporters.JUnitReportReporter -->
<testsuite hostname="DESKTOP-TA5LG20" failures="0" tests="6" name="TestNG.InvocationCount_Keyword" time="30.759" errors="0" timestamp="2022-10-08T15:24:03 IST" skipped="0">
  <testcase classname="TestNG.InvocationCount_Keyword" name="Forgotten" time="5.815"/>
  <system-out/>
  <testcase classname="TestNG.InvocationCount_Keyword" name="Logo" time="5.220"/>
  <system-out/>
  <testcase classname="TestNG.InvocationCount_Keyword" name="Title" time="4.280"/>
  <system-out/>
  <testcase classname="TestNG.InvocationCount_Keyword" name="Forgotten" time="4.888"/>
  <system-out/>
  <testcase classname="TestNG.InvocationCount_Keyword" name="Forgotten" time="4.850"/>
  <system-out/>
  <testcase classname="TestNG.InvocationCount_Keyword" name="Forgotten" time="5.706"/>
  <system-out/>
</testsuite> <!-- TestNG.InvocationCount_Keyword -->
