<?xml version="1.0" encoding="UTF-8"?>
<!-- Generated by org.testng.reporters.JUnitReportReporter -->
<testsuite hostname="DESKTOP-TA5LG20" failures="0" tests="3" name="Keywords.DependsOnMethod" time="12.321" errors="0" timestamp="2022-10-08T23:48:57 IST" skipped="0">
  <testcase classname="Keywords.DependsOnMethod" name="Logo" time="2.817"/>
  <system-out/>
  <testcase classname="Keywords.DependsOnMethod" name="Forgotten" time="6.686"/>
  <system-out/>
  <testcase classname="Keywords.DependsOnMethod" name="Title" time="2.818"/>
  <system-out/>
</testsuite> <!-- Keywords.DependsOnMethod -->
