<?xml version="1.0" encoding="UTF-8"?>
<!-- Generated by org.testng.reporters.JUnitReportReporter -->
<testsuite hostname="DESKTOP-TA5LG20" failures="0" tests="2" name="TestNG.HardAssert" time="9.159" errors="0" timestamp="2022-10-09T00:04:42 IST" skipped="0">
  <testcase classname="TestNG.HardAssert" name="Username" time="4.959"/>
  <system-out/>
  <testcase classname="TestNG.HardAssert" name="Kitelogin" time="4.200"/>
  <system-out/>
</testsuite> <!-- TestNG.HardAssert -->
