<?xml version="1.0" encoding="UTF-8"?>
<!-- Generated by org.testng.reporters.JUnitReportReporter -->
<testsuite hostname="DESKTOP-TA5LG20" failures="0" tests="2" name="Include_Exclude_Keyword.Include_Keyword" time="7.544" errors="0" timestamp="2022-10-11T19:08:09 IST" skipped="0">
  <testcase classname="Include_Exclude_Keyword.Include_Keyword" name="Title" time="2.956"/>
  <system-out/>
  <testcase classname="Include_Exclude_Keyword.Include_Keyword" name="Forgotten" time="4.588"/>
  <system-out/>
</testsuite> <!-- Include_Exclude_Keyword.Include_Keyword -->
