<?xml version="1.0" encoding="UTF-8"?>
<!-- Generated by org.testng.reporters.JUnitReportReporter -->
<testsuite hostname="DESKTOP-TA5LG20" failures="0" tests="3" name="Keywords.Enables_Keyword" time="7.035" errors="0" timestamp="2022-10-09T00:04:08 IST" skipped="1">
  <testcase classname="Keywords.Enables_Keyword" name="Forgotten" time="4.338"/>
  <system-out/>
  <testcase classname="Keywords.Enables_Keyword" name="Title" time="2.697"/>
  <system-out/>
  <testcase classname="Keywords.Enables_Keyword" name="Logo">
    <skipped/>
  </testcase> <!-- Logo -->
  <system-out/>
</testsuite> <!-- Keywords.Enables_Keyword -->
