<?xml version="1.0" encoding="UTF-8"?>
<!-- Generated by org.testng.reporters.JUnitReportReporter -->
<testsuite hostname="DESKTOP-TA5LG20" failures="0" tests="2" name="Cross_Browser.Demo" time="34.462" errors="0" timestamp="2022-10-17T11:46:05 IST" skipped="0">
  <testcase classname="Cross_Browser.Demo" name="Login" time="17.089"/>
  <system-out/>
  <testcase classname="Cross_Browser.Demo" name="Login" time="17.373"/>
  <system-out/>
</testsuite> <!-- Cross_Browser.Demo -->
