<?xml version="1.0" encoding="UTF-8"?>
<!-- Generated by org.testng.reporters.JUnitReportReporter -->
<testsuite hostname="DESKTOP-TA5LG20" failures="0" tests="1" name="Parameterization.Para_Test1" time="20.408" errors="0" timestamp="2022-10-29T17:16:18 IST" skipped="0">
  <testcase classname="Parameterization.Para_Test1" name="LoginTest" time="20.408"/>
  <system-out/>
</testsuite> <!-- Parameterization.Para_Test1 -->
