<?xml version="1.0" encoding="UTF-8"?>
<!-- Generated by org.testng.reporters.JUnitReportReporter -->
<testsuite hostname="DESKTOP-TA5LG20" failures="0" tests="6" name="Keywords.InvocationCount_Keyword" time="19.419" errors="0" timestamp="2022-10-29T16:46:13 IST" skipped="0">
  <testcase classname="Keywords.InvocationCount_Keyword" name="Forgotten" time="5.458"/>
  <system-out/>
  <testcase classname="Keywords.InvocationCount_Keyword" name="Logo" time="2.846"/>
  <system-out/>
  <testcase classname="Keywords.InvocationCount_Keyword" name="Forgotten" time="2.832"/>
  <system-out/>
  <testcase classname="Keywords.InvocationCount_Keyword" name="Title" time="2.766"/>
  <system-out/>
  <testcase classname="Keywords.InvocationCount_Keyword" name="Forgotten" time="2.708"/>
  <system-out/>
  <testcase classname="Keywords.InvocationCount_Keyword" name="Forgotten" time="2.809"/>
  <system-out/>
</testsuite> <!-- Keywords.InvocationCount_Keyword -->
